{"C:\\Users\\Nirav\\Desktop\\WCAG-Scanner\\commitlint.config.cjs": {"path":"C:\\Users\\Nirav\\Desktop\\WCAG-Scanner\\commitlint.config.cjs","all":true,"statementMap":{"0":{"start":{"line":1,"column":0},"end":{"line":1,"column":64}}},"s":{"0":0},"branchMap":{"0":{"type":"branch","line":1,"loc":{"start":{"line":1,"column":64},"end":{"line":1,"column":64}},"locations":[{"start":{"line":1,"column":64},"end":{"line":1,"column":64}}]}},"b":{"0":[0]},"fnMap":{"0":{"name":"(empty-report)","decl":{"start":{"line":1,"column":64},"end":{"line":1,"column":64}},"loc":{"start":{"line":1,"column":64},"end":{"line":1,"column":64}},"line":1}},"f":{"0":0}}
,"C:\\Users\\Nirav\\Desktop\\WCAG-Scanner\\playwright.config.ts": {"path":"C:\\Users\\Nirav\\Desktop\\WCAG-Scanner\\playwright.config.ts","all":true,"statementMap":{"0":{"start":{"line":1,"column":0},"end":{"line":1,"column":48}},"2":{"start":{"line":3,"column":0},"end":{"line":3,"column":29}},"3":{"start":{"line":4,"column":0},"end":{"line":4,"column":13}},"4":{"start":{"line":5,"column":0},"end":{"line":5,"column":46}},"5":{"start":{"line":6,"column":0},"end":{"line":6,"column":12}},"6":{"start":{"line":7,"column":0},"end":{"line":7,"column":3}},"7":{"start":{"line":8,"column":0},"end":{"line":8,"column":15}},"8":{"start":{"line":9,"column":0},"end":{"line":9,"column":3}}},"s":{"0":0,"2":0,"3":0,"4":0,"5":0,"6":0,"7":0,"8":0},"branchMap":{"0":{"type":"branch","line":1,"loc":{"start":{"line":1,"column":177},"end":{"line":9,"column":3}},"locations":[{"start":{"line":1,"column":177},"end":{"line":9,"column":3}}]}},"b":{"0":[0]},"fnMap":{"0":{"name":"(empty-report)","decl":{"start":{"line":1,"column":177},"end":{"line":9,"column":3}},"loc":{"start":{"line":1,"column":177},"end":{"line":9,"column":3}},"line":1}},"f":{"0":0}}
,"C:\\Users\\Nirav\\Desktop\\WCAG-Scanner\\svelte.config.js": {"path":"C:\\Users\\Nirav\\Desktop\\WCAG-Scanner\\svelte.config.js","all":true,"statementMap":{"0":{"start":{"line":1,"column":0},"end":{"line":1,"column":45}},"1":{"start":{"line":2,"column":0},"end":{"line":2,"column":62}},"3":{"start":{"line":4,"column":0},"end":{"line":4,"column":45}},"4":{"start":{"line":5,"column":0},"end":{"line":5,"column":16}},"5":{"start":{"line":6,"column":0},"end":{"line":6,"column":52}},"6":{"start":{"line":7,"column":0},"end":{"line":7,"column":44}},"7":{"start":{"line":8,"column":0},"end":{"line":8,"column":30}},"9":{"start":{"line":10,"column":0},"end":{"line":10,"column":7}},"10":{"start":{"line":11,"column":0},"end":{"line":11,"column":107}},"11":{"start":{"line":12,"column":0},"end":{"line":12,"column":108}},"12":{"start":{"line":13,"column":0},"end":{"line":13,"column":82}},"13":{"start":{"line":14,"column":0},"end":{"line":14,"column":20}},"14":{"start":{"line":15,"column":0},"end":{"line":15,"column":2}},"15":{"start":{"line":16,"column":0},"end":{"line":16,"column":2}},"17":{"start":{"line":18,"column":0},"end":{"line":18,"column":22}}},"s":{"0":0,"1":0,"3":0,"4":0,"5":0,"6":0,"7":0,"9":0,"10":0,"11":0,"12":0,"13":0,"14":0,"15":0,"17":0},"branchMap":{"0":{"type":"branch","line":1,"loc":{"start":{"line":1,"column":661},"end":{"line":18,"column":22}},"locations":[{"start":{"line":1,"column":661},"end":{"line":18,"column":22}}]}},"b":{"0":[0]},"fnMap":{"0":{"name":"(empty-report)","decl":{"start":{"line":1,"column":661},"end":{"line":18,"column":22}},"loc":{"start":{"line":1,"column":661},"end":{"line":18,"column":22}},"line":1}},"f":{"0":0}}
,"C:\\Users\\Nirav\\Desktop\\WCAG-Scanner\\src\\lib\\index.ts": {"path":"C:\\Users\\Nirav\\Desktop\\WCAG-Scanner\\src\\lib\\index.ts","all":true,"statementMap":{},"s":{},"branchMap":{"0":{"type":"branch","line":1,"loc":{"start":{"line":1,"column":74},"end":{"line":1,"column":74}},"locations":[{"start":{"line":1,"column":74},"end":{"line":1,"column":74}}]}},"b":{"0":[1]},"fnMap":{"0":{"name":"(empty-report)","decl":{"start":{"line":1,"column":74},"end":{"line":1,"column":74}},"loc":{"start":{"line":1,"column":74},"end":{"line":1,"column":74}},"line":1}},"f":{"0":1}}
,"C:\\Users\\Nirav\\Desktop\\WCAG-Scanner\\src\\lib\\utils.ts": {"path":"C:\\Users\\Nirav\\Desktop\\WCAG-Scanner\\src\\lib\\utils.ts","all":true,"statementMap":{"0":{"start":{"line":1,"column":0},"end":{"line":1,"column":45}},"1":{"start":{"line":2,"column":0},"end":{"line":2,"column":41}},"3":{"start":{"line":4,"column":0},"end":{"line":4,"column":45}},"4":{"start":{"line":5,"column":0},"end":{"line":5,"column":30}},"5":{"start":{"line":6,"column":0},"end":{"line":6,"column":1}}},"s":{"0":0,"1":0,"3":0,"4":0,"5":0},"branchMap":{"0":{"type":"branch","line":1,"loc":{"start":{"line":1,"column":630},"end":{"line":13,"column":92}},"locations":[{"start":{"line":1,"column":630},"end":{"line":13,"column":92}}]}},"b":{"0":[0]},"fnMap":{"0":{"name":"(empty-report)","decl":{"start":{"line":1,"column":630},"end":{"line":13,"column":92}},"loc":{"start":{"line":1,"column":630},"end":{"line":13,"column":92}},"line":1}},"f":{"0":0}}
,"C:\\Users\\Nirav\\Desktop\\WCAG-Scanner\\src\\lib\\components\\ui\\button\\button.svelte": {"path":"C:\\Users\\Nirav\\Desktop\\WCAG-Scanner\\src\\lib\\components\\ui\\button\\button.svelte","all":true,"statementMap":{"5":{"start":{"line":6,"column":0},"end":{"line":6,"column":35}},"6":{"start":{"line":7,"column":0},"end":{"line":7,"column":513}},"7":{"start":{"line":8,"column":0},"end":{"line":8,"column":13}},"8":{"start":{"line":9,"column":0},"end":{"line":9,"column":13}},"9":{"start":{"line":10,"column":0},"end":{"line":10,"column":80}},"10":{"start":{"line":11,"column":0},"end":{"line":11,"column":16}},"11":{"start":{"line":12,"column":0},"end":{"line":12,"column":163}},"12":{"start":{"line":13,"column":0},"end":{"line":13,"column":12}},"13":{"start":{"line":14,"column":0},"end":{"line":14,"column":141}},"14":{"start":{"line":15,"column":0},"end":{"line":15,"column":88}},"15":{"start":{"line":16,"column":0},"end":{"line":16,"column":82}},"16":{"start":{"line":17,"column":0},"end":{"line":17,"column":59}},"18":{"start":{"line":19,"column":0},"end":{"line":19,"column":10}},"19":{"start":{"line":20,"column":0},"end":{"line":20,"column":45}},"20":{"start":{"line":21,"column":0},"end":{"line":21,"column":56}},"21":{"start":{"line":22,"column":0},"end":{"line":22,"column":47}},"22":{"start":{"line":23,"column":0},"end":{"line":23,"column":18}},"25":{"start":{"line":26,"column":0},"end":{"line":26,"column":20}},"26":{"start":{"line":27,"column":0},"end":{"line":27,"column":22}},"27":{"start":{"line":28,"column":0},"end":{"line":28,"column":18}},"44":{"start":{"line":45,"column":0},"end":{"line":45,"column":22}},"45":{"start":{"line":46,"column":0},"end":{"line":46,"column":19}},"46":{"start":{"line":47,"column":0},"end":{"line":47,"column":24}},"47":{"start":{"line":48,"column":0},"end":{"line":48,"column":19}},"48":{"start":{"line":49,"column":0},"end":{"line":49,"column":18}},"51":{"start":{"line":52,"column":0},"end":{"line":52,"column":14}},"55":{"start":{"line":56,"column":0},"end":{"line":56,"column":10}},"57":{"start":{"line":58,"column":0},"end":{"line":58,"column":17}},"59":{"start":{"line":60,"column":0},"end":{"line":60,"column":58}},"60":{"start":{"line":61,"column":0},"end":{"line":61,"column":36}},"62":{"start":{"line":63,"column":0},"end":{"line":63,"column":38}},"63":{"start":{"line":64,"column":0},"end":{"line":64,"column":38}},"64":{"start":{"line":65,"column":0},"end":{"line":65,"column":16}},"70":{"start":{"line":71,"column":0},"end":{"line":71,"column":17}},"72":{"start":{"line":73,"column":0},"end":{"line":73,"column":58}},"75":{"start":{"line":76,"column":0},"end":{"line":76,"column":16}}},"s":{"5":0,"6":0,"7":0,"8":0,"9":0,"10":0,"11":0,"12":0,"13":0,"14":0,"15":0,"16":0,"18":0,"19":0,"20":0,"21":0,"22":0,"25":0,"26":0,"27":0,"44":0,"45":0,"46":0,"47":0,"48":0,"51":0,"55":0,"57":0,"59":0,"60":0,"62":0,"63":0,"64":0,"70":0,"72":0,"75":0},"branchMap":{"0":{"type":"branch","line":1,"loc":{"start":{"line":1,"column":2785},"end":{"line":80,"column":5}},"locations":[{"start":{"line":1,"column":2785},"end":{"line":80,"column":5}}]}},"b":{"0":[1]},"fnMap":{"0":{"name":"(empty-report)","decl":{"start":{"line":1,"column":2785},"end":{"line":80,"column":5}},"loc":{"start":{"line":1,"column":2785},"end":{"line":80,"column":5}},"line":1}},"f":{"0":1}}
,"C:\\Users\\Nirav\\Desktop\\WCAG-Scanner\\src\\lib\\components\\ui\\button\\index.ts": {"path":"C:\\Users\\Nirav\\Desktop\\WCAG-Scanner\\src\\lib\\components\\ui\\button\\index.ts","all":true,"statementMap":{"0":{"start":{"line":1,"column":0},"end":{"line":1,"column":14}}},"s":{"0":0},"branchMap":{"0":{"type":"branch","line":1,"loc":{"start":{"line":1,"column":257},"end":{"line":17,"column":2}},"locations":[{"start":{"line":1,"column":257},"end":{"line":17,"column":2}}]}},"b":{"0":[0]},"fnMap":{"0":{"name":"(empty-report)","decl":{"start":{"line":1,"column":257},"end":{"line":17,"column":2}},"loc":{"start":{"line":1,"column":257},"end":{"line":17,"column":2}},"line":1}},"f":{"0":0}}
,"C:\\Users\\Nirav\\Desktop\\WCAG-Scanner\\src\\routes\\+layout.svelte": {"path":"C:\\Users\\Nirav\\Desktop\\WCAG-Scanner\\src\\routes\\+layout.svelte","all":true,"statementMap":{"29":{"start":{"line":30,"column":0},"end":{"line":30,"column":71}}},"s":{"29":0},"branchMap":{"0":{"type":"branch","line":1,"loc":{"start":{"line":1,"column":898},"end":{"line":33,"column":6}},"locations":[{"start":{"line":1,"column":898},"end":{"line":33,"column":6}}]}},"b":{"0":[1]},"fnMap":{"0":{"name":"(empty-report)","decl":{"start":{"line":1,"column":898},"end":{"line":33,"column":6}},"loc":{"start":{"line":1,"column":898},"end":{"line":33,"column":6}},"line":1}},"f":{"0":1}}
,"C:\\Users\\Nirav\\Desktop\\WCAG-Scanner\\src\\routes\\+page.svelte": {"path":"C:\\Users\\Nirav\\Desktop\\WCAG-Scanner\\src\\routes\\+page.svelte","all":false,"statementMap":{},"s":{},"branchMap":{},"b":{},"fnMap":{},"f":{}}
,"C:\\Users\\Nirav\\Desktop\\WCAG-Scanner\\src\\stories\\Button.stories.svelte": {"path":"C:\\Users\\Nirav\\Desktop\\WCAG-Scanner\\src\\stories\\Button.stories.svelte","all":true,"statementMap":{"6":{"start":{"line":7,"column":0},"end":{"line":7,"column":31}},"7":{"start":{"line":8,"column":0},"end":{"line":8,"column":26}},"8":{"start":{"line":9,"column":0},"end":{"line":9,"column":20}},"9":{"start":{"line":10,"column":0},"end":{"line":10,"column":21}},"10":{"start":{"line":11,"column":0},"end":{"line":11,"column":13}},"11":{"start":{"line":12,"column":0},"end":{"line":12,"column":41}},"12":{"start":{"line":13,"column":0},"end":{"line":13,"column":10}},"13":{"start":{"line":14,"column":0},"end":{"line":14,"column":32}},"14":{"start":{"line":15,"column":0},"end":{"line":15,"column":41}},"17":{"start":{"line":18,"column":0},"end":{"line":18,"column":9}},"18":{"start":{"line":19,"column":0},"end":{"line":19,"column":16}},"24":{"start":{"line":25,"column":0},"end":{"line":25,"column":66}},"26":{"start":{"line":27,"column":0},"end":{"line":27,"column":53}},"28":{"start":{"line":29,"column":0},"end":{"line":29,"column":64}},"30":{"start":{"line":31,"column":0},"end":{"line":31,"column":64}}},"s":{"6":0,"7":0,"8":0,"9":0,"10":0,"11":0,"12":0,"13":0,"14":0,"17":0,"18":0,"24":0,"26":0,"28":0,"30":0},"branchMap":{"0":{"type":"branch","line":1,"loc":{"start":{"line":1,"column":886},"end":{"line":31,"column":64}},"locations":[{"start":{"line":1,"column":886},"end":{"line":31,"column":64}}]}},"b":{"0":[1]},"fnMap":{"0":{"name":"(empty-report)","decl":{"start":{"line":1,"column":886},"end":{"line":31,"column":64}},"loc":{"start":{"line":1,"column":886},"end":{"line":31,"column":64}},"line":1}},"f":{"0":1}}
,"C:\\Users\\Nirav\\Desktop\\WCAG-Scanner\\src\\stories\\Button.svelte": {"path":"C:\\Users\\Nirav\\Desktop\\WCAG-Scanner\\src\\stories\\Button.svelte","all":true,"statementMap":{"16":{"start":{"line":17,"column":0},"end":{"line":17,"column":96}},"18":{"start":{"line":19,"column":0},"end":{"line":19,"column":92}},"19":{"start":{"line":20,"column":0},"end":{"line":20,"column":85}},"24":{"start":{"line":25,"column":0},"end":{"line":25,"column":74}},"26":{"start":{"line":27,"column":0},"end":{"line":27,"column":11}}},"s":{"16":0,"18":0,"19":0,"24":0,"26":0},"branchMap":{"0":{"type":"branch","line":1,"loc":{"start":{"line":1,"column":821},"end":{"line":30,"column":9}},"locations":[{"start":{"line":1,"column":821},"end":{"line":30,"column":9}}]}},"b":{"0":[1]},"fnMap":{"0":{"name":"(empty-report)","decl":{"start":{"line":1,"column":821},"end":{"line":30,"column":9}},"loc":{"start":{"line":1,"column":821},"end":{"line":30,"column":9}},"line":1}},"f":{"0":1}}
,"C:\\Users\\Nirav\\Desktop\\WCAG-Scanner\\src\\stories\\Header.stories.svelte": {"path":"C:\\Users\\Nirav\\Desktop\\WCAG-Scanner\\src\\stories\\Header.stories.svelte","all":true,"statementMap":{"6":{"start":{"line":7,"column":0},"end":{"line":7,"column":31}},"7":{"start":{"line":8,"column":0},"end":{"line":8,"column":26}},"8":{"start":{"line":9,"column":0},"end":{"line":9,"column":20}},"10":{"start":{"line":11,"column":0},"end":{"line":11,"column":21}},"11":{"start":{"line":12,"column":0},"end":{"line":12,"column":15}},"13":{"start":{"line":14,"column":0},"end":{"line":14,"column":23}},"15":{"start":{"line":16,"column":0},"end":{"line":16,"column":9}},"16":{"start":{"line":17,"column":0},"end":{"line":17,"column":17}},"17":{"start":{"line":18,"column":0},"end":{"line":18,"column":18}},"18":{"start":{"line":19,"column":0},"end":{"line":19,"column":24}},"23":{"start":{"line":24,"column":0},"end":{"line":24,"column":64}}},"s":{"6":0,"7":0,"8":0,"10":0,"11":0,"13":0,"15":0,"16":0,"17":0,"18":0,"23":0},"branchMap":{"0":{"type":"branch","line":1,"loc":{"start":{"line":1,"column":789},"end":{"line":26,"column":27}},"locations":[{"start":{"line":1,"column":789},"end":{"line":26,"column":27}}]}},"b":{"0":[1]},"fnMap":{"0":{"name":"(empty-report)","decl":{"start":{"line":1,"column":789},"end":{"line":26,"column":27}},"loc":{"start":{"line":1,"column":789},"end":{"line":26,"column":27}},"line":1}},"f":{"0":1}}
,"C:\\Users\\Nirav\\Desktop\\WCAG-Scanner\\src\\stories\\Header.svelte": {"path":"C:\\Users\\Nirav\\Desktop\\WCAG-Scanner\\src\\stories\\Header.svelte","all":true,"statementMap":{"35":{"start":{"line":36,"column":0},"end":{"line":36,"column":33}}},"s":{"35":0},"branchMap":{"0":{"type":"branch","line":1,"loc":{"start":{"line":1,"column":1200},"end":{"line":45,"column":9}},"locations":[{"start":{"line":1,"column":1200},"end":{"line":45,"column":9}}]}},"b":{"0":[1]},"fnMap":{"0":{"name":"(empty-report)","decl":{"start":{"line":1,"column":1200},"end":{"line":45,"column":9}},"loc":{"start":{"line":1,"column":1200},"end":{"line":45,"column":9}},"line":1}},"f":{"0":1}}
,"C:\\Users\\Nirav\\Desktop\\WCAG-Scanner\\src\\stories\\Page.stories.svelte": {"path":"C:\\Users\\Nirav\\Desktop\\WCAG-Scanner\\src\\stories\\Page.stories.svelte","all":true,"statementMap":{"6":{"start":{"line":7,"column":0},"end":{"line":7,"column":31}},"7":{"start":{"line":8,"column":0},"end":{"line":8,"column":24}},"8":{"start":{"line":9,"column":0},"end":{"line":9,"column":18}},"9":{"start":{"line":10,"column":0},"end":{"line":10,"column":15}},"11":{"start":{"line":12,"column":0},"end":{"line":12,"column":23}},"18":{"start":{"line":19,"column":0},"end":{"line":19,"column":37}},"19":{"start":{"line":20,"column":0},"end":{"line":20,"column":39}},"20":{"start":{"line":21,"column":0},"end":{"line":21,"column":70}},"21":{"start":{"line":22,"column":0},"end":{"line":22,"column":48}},"22":{"start":{"line":23,"column":0},"end":{"line":23,"column":37}},"23":{"start":{"line":24,"column":0},"end":{"line":24,"column":67}},"25":{"start":{"line":26,"column":0},"end":{"line":26,"column":72}},"26":{"start":{"line":27,"column":0},"end":{"line":27,"column":49}},"27":{"start":{"line":28,"column":0},"end":{"line":28,"column":3}}},"s":{"6":0,"7":0,"8":0,"9":0,"11":0,"18":0,"19":0,"20":0,"21":0,"22":0,"23":0,"25":0,"26":0,"27":0},"branchMap":{"0":{"type":"branch","line":1,"loc":{"start":{"line":1,"column":984},"end":{"line":31,"column":27}},"locations":[{"start":{"line":1,"column":984},"end":{"line":31,"column":27}}]}},"b":{"0":[1]},"fnMap":{"0":{"name":"(empty-report)","decl":{"start":{"line":1,"column":984},"end":{"line":31,"column":27}},"loc":{"start":{"line":1,"column":984},"end":{"line":31,"column":27}},"line":1}},"f":{"0":1}}
,"C:\\Users\\Nirav\\Desktop\\WCAG-Scanner\\src\\stories\\Page.svelte": {"path":"C:\\Users\\Nirav\\Desktop\\WCAG-Scanner\\src\\stories\\Page.svelte","all":true,"statementMap":{"4":{"start":{"line":5,"column":0},"end":{"line":5,"column":39}},"10":{"start":{"line":11,"column":0},"end":{"line":11,"column":47}},"11":{"start":{"line":12,"column":0},"end":{"line":12,"column":37}},"12":{"start":{"line":13,"column":0},"end":{"line":13,"column":55}}},"s":{"4":0,"10":0,"11":0,"12":0},"branchMap":{"0":{"type":"branch","line":1,"loc":{"start":{"line":1,"column":2125},"end":{"line":70,"column":10}},"locations":[{"start":{"line":1,"column":2125},"end":{"line":70,"column":10}}]}},"b":{"0":[1]},"fnMap":{"0":{"name":"(empty-report)","decl":{"start":{"line":1,"column":2125},"end":{"line":70,"column":10}},"loc":{"start":{"line":1,"column":2125},"end":{"line":70,"column":10}},"line":1}},"f":{"0":1}}
}
